[debug] [2025-11-27T02:15:21.326Z] ----------------------------------------------------------------------
[debug] [2025-11-27T02:15:21.329Z] Command:       C:\Program Files\nodejs\node.exe C:\Users\vagne\AppData\Roaming\npm\node_modules\firebase-tools\lib\bin\firebase.js deploy --only functions
[debug] [2025-11-27T02:15:21.329Z] CLI Version:   14.20.0
[debug] [2025-11-27T02:15:21.329Z] Platform:      win32
[debug] [2025-11-27T02:15:21.329Z] Node Version:  v22.18.0
[debug] [2025-11-27T02:15:21.330Z] Time:          Wed Nov 26 2025 23:15:21 GMT-0300 (Horário Padrão de Brasília)
[debug] [2025-11-27T02:15:21.330Z] ----------------------------------------------------------------------
[debug] 
[debug] [2025-11-27T02:15:21.497Z] > command requires scopes: ["email","openid","https://www.googleapis.com/auth/cloudplatformprojects.readonly","https://www.googleapis.com/auth/firebase","https://www.googleapis.com/auth/cloud-platform"]
[debug] [2025-11-27T02:15:21.497Z] > authorizing via signed-in user (vagnercode@gmail.com)
[debug] [2025-11-27T02:15:21.497Z] [iam] checking project tcc-safeher for permissions ["cloudfunctions.functions.create","cloudfunctions.functions.delete","cloudfunctions.functions.get","cloudfunctions.functions.list","cloudfunctions.functions.update","cloudfunctions.operations.get","firebase.projects.get"]
[debug] [2025-11-27T02:15:21.498Z] Checked if tokens are valid: true, expires at: 1764213087187
[debug] [2025-11-27T02:15:21.498Z] Checked if tokens are valid: true, expires at: 1764213087187
[debug] [2025-11-27T02:15:21.499Z] >>> [apiv2][query] POST https://cloudresourcemanager.googleapis.com/v1/projects/tcc-safeher:testIamPermissions [none]
[debug] [2025-11-27T02:15:21.499Z] >>> [apiv2][(partial)header] POST https://cloudresourcemanager.googleapis.com/v1/projects/tcc-safeher:testIamPermissions x-goog-quota-user=projects/tcc-safeher
[debug] [2025-11-27T02:15:21.499Z] >>> [apiv2][body] POST https://cloudresourcemanager.googleapis.com/v1/projects/tcc-safeher:testIamPermissions {"permissions":["cloudfunctions.functions.create","cloudfunctions.functions.delete","cloudfunctions.functions.get","cloudfunctions.functions.list","cloudfunctions.functions.update","cloudfunctions.operations.get","firebase.projects.get"]}
[debug] [2025-11-27T02:15:22.381Z] <<< [apiv2][status] POST https://cloudresourcemanager.googleapis.com/v1/projects/tcc-safeher:testIamPermissions 200
[debug] [2025-11-27T02:15:22.381Z] <<< [apiv2][body] POST https://cloudresourcemanager.googleapis.com/v1/projects/tcc-safeher:testIamPermissions {"permissions":["cloudfunctions.functions.create","cloudfunctions.functions.delete","cloudfunctions.functions.get","cloudfunctions.functions.list","cloudfunctions.functions.update","cloudfunctions.operations.get","firebase.projects.get"]}
[debug] [2025-11-27T02:15:22.382Z] Checked if tokens are valid: true, expires at: 1764213087187
[debug] [2025-11-27T02:15:22.382Z] Checked if tokens are valid: true, expires at: 1764213087187
[debug] [2025-11-27T02:15:22.382Z] >>> [apiv2][query] POST https://iam.googleapis.com/v1/projects/tcc-safeher/serviceAccounts/tcc-safeher@appspot.gserviceaccount.com:testIamPermissions [none]
[debug] [2025-11-27T02:15:22.382Z] >>> [apiv2][body] POST https://iam.googleapis.com/v1/projects/tcc-safeher/serviceAccounts/tcc-safeher@appspot.gserviceaccount.com:testIamPermissions {"permissions":["iam.serviceAccounts.actAs"]}
[debug] [2025-11-27T02:15:23.219Z] <<< [apiv2][status] POST https://iam.googleapis.com/v1/projects/tcc-safeher/serviceAccounts/tcc-safeher@appspot.gserviceaccount.com:testIamPermissions 200
[debug] [2025-11-27T02:15:23.219Z] <<< [apiv2][body] POST https://iam.googleapis.com/v1/projects/tcc-safeher/serviceAccounts/tcc-safeher@appspot.gserviceaccount.com:testIamPermissions {"permissions":["iam.serviceAccounts.actAs"]}
[info] 
[info] === Deploying to 'tcc-safeher'...
[info] 
[info] i  deploying functions 
[debug] [2025-11-27T02:15:23.222Z] Checked if tokens are valid: true, expires at: 1764213087187
[debug] [2025-11-27T02:15:23.222Z] Checked if tokens are valid: true, expires at: 1764213087187
[debug] [2025-11-27T02:15:23.222Z] >>> [apiv2][query] GET https://cloudresourcemanager.googleapis.com/v1/projects/tcc-safeher [none]
[debug] [2025-11-27T02:15:23.435Z] <<< [apiv2][status] GET https://cloudresourcemanager.googleapis.com/v1/projects/tcc-safeher 200
[debug] [2025-11-27T02:15:23.435Z] <<< [apiv2][body] GET https://cloudresourcemanager.googleapis.com/v1/projects/tcc-safeher {"projectNumber":"1050394973274","projectId":"tcc-safeher","lifecycleState":"ACTIVE","name":"TCC-SAFEHER","labels":{"firebase":"enabled","firebase-core":"disabled"},"createTime":"2025-09-22T23:31:41.763044Z"}
[info] i  functions: preparing codebase default for deployment 
[info] i  functions: ensuring required API cloudfunctions.googleapis.com is enabled... 
[info] i  functions: ensuring required API cloudbuild.googleapis.com is enabled... 
[info] i  artifactregistry: ensuring required API artifactregistry.googleapis.com is enabled... 
[debug] [2025-11-27T02:15:23.438Z] Checked if tokens are valid: true, expires at: 1764213087187
[debug] [2025-11-27T02:15:23.438Z] Checked if tokens are valid: true, expires at: 1764213087187
[debug] [2025-11-27T02:15:23.438Z] >>> [apiv2][query] GET https://firebase.googleapis.com/v1beta1/projects/tcc-safeher/adminSdkConfig [none]
[debug] [2025-11-27T02:15:23.985Z] <<< [apiv2][status] GET https://firebase.googleapis.com/v1beta1/projects/tcc-safeher/adminSdkConfig 200
[debug] [2025-11-27T02:15:23.985Z] <<< [apiv2][body] GET https://firebase.googleapis.com/v1beta1/projects/tcc-safeher/adminSdkConfig {"projectId":"tcc-safeher","storageBucket":"tcc-safeher.firebasestorage.app"}
[debug] [2025-11-27T02:15:23.985Z] Checked if tokens are valid: true, expires at: 1764213087187
[debug] [2025-11-27T02:15:23.986Z] Checked if tokens are valid: true, expires at: 1764213087187
[debug] [2025-11-27T02:15:23.986Z] >>> [apiv2][query] GET https://runtimeconfig.googleapis.com/v1beta1/projects/tcc-safeher/configs [none]
[debug] [2025-11-27T02:15:25.181Z] <<< [apiv2][status] GET https://runtimeconfig.googleapis.com/v1beta1/projects/tcc-safeher/configs 200
[debug] [2025-11-27T02:15:25.181Z] <<< [apiv2][body] GET https://runtimeconfig.googleapis.com/v1beta1/projects/tcc-safeher/configs {}
[debug] [2025-11-27T02:15:25.183Z] Validating nodejs source
[warn] !  functions: package.json indicates an outdated version of firebase-functions. Please upgrade using npm install --save firebase-functions@latest in your functions directory. 
[warn] !  functions: Please note that there will be breaking changes when you upgrade. 
[debug] [2025-11-27T02:15:25.963Z] > [functions] package.json contents: {
  "name": "functions",
  "description": "Cloud Functions for Firebase",
  "scripts": {
    "serve": "firebase emulators:start --only functions",
    "shell": "firebase functions:shell",
    "start": "npm run shell",
    "deploy": "firebase deploy --only functions",
    "logs": "firebase functions:log"
  },
  "engines": {
    "node": "22"
  },
  "dependencies": {
    "firebase-admin": "^12.6.0",
    "firebase-functions": "^6.0.1",
    "nodemailer": "^7.0.11"
  },
  "main": "index.js",
  "devDependencies": {
    "firebase-functions-test": "^3.1.0"
  },
  "private": true
}
[debug] [2025-11-27T02:15:25.963Z] Building nodejs source
[info] i  functions: Loading and analyzing source code for codebase default to determine what to deploy 
[debug] [2025-11-27T02:15:25.964Z] Could not find functions.yaml. Must use http discovery
[debug] [2025-11-27T02:15:25.973Z] Found firebase-functions binary at 'C:\TCC\SafeHer\functions\node_modules\.bin\firebase-functions'
[info] Serving at port 8794

[debug] [2025-11-27T02:15:26.605Z] Got response from /__/functions.yaml {"endpoints":{"api":{"availableMemoryMb":null,"timeoutSeconds":null,"minInstances":null,"maxInstances":null,"ingressSettings":null,"concurrency":null,"serviceAccountEmail":null,"vpc":null,"platform":"gcfv2","secretEnvironmentVariables":[{"key":"CUIDAI_API_KEY"}],"labels":{},"httpsTrigger":{},"entryPoint":"api"},"monitorarTentativasLogin":{"availableMemoryMb":null,"timeoutSeconds":null,"minInstances":null,"maxInstances":null,"ingressSettings":null,"concurrency":null,"serviceAccountEmail":null,"vpc":null,"platform":"gcfv2","labels":{},"eventTrigger":{"eventType":"google.cloud.firestore.document.v1.updated","eventFilters":{"database":"(default)","namespace":"(default)"},"eventFilterPathPatterns":{"document":"login_attempts/{docId}"},"retry":false},"entryPoint":"monitorarTentativasLogin"}},"specVersion":"v1alpha1","requiredAPIs":[],"extensions":{}}
[info] i  extensions: ensuring required API firebaseextensions.googleapis.com is enabled... 
[debug] [2025-11-27T02:15:30.639Z] > command requires scopes: ["email","openid","https://www.googleapis.com/auth/cloudplatformprojects.readonly","https://www.googleapis.com/auth/firebase","https://www.googleapis.com/auth/cloud-platform"]
[debug] [2025-11-27T02:15:30.639Z] > authorizing via signed-in user (vagnercode@gmail.com)
[debug] [2025-11-27T02:15:30.639Z] [iam] checking project tcc-safeher for permissions ["firebase.projects.get","firebaseextensions.instances.list"]
[debug] [2025-11-27T02:15:30.639Z] Checked if tokens are valid: true, expires at: 1764213087187
[debug] [2025-11-27T02:15:30.639Z] Checked if tokens are valid: true, expires at: 1764213087187
[debug] [2025-11-27T02:15:30.639Z] >>> [apiv2][query] POST https://cloudresourcemanager.googleapis.com/v1/projects/tcc-safeher:testIamPermissions [none]
[debug] [2025-11-27T02:15:30.640Z] >>> [apiv2][(partial)header] POST https://cloudresourcemanager.googleapis.com/v1/projects/tcc-safeher:testIamPermissions x-goog-quota-user=projects/tcc-safeher
[debug] [2025-11-27T02:15:30.640Z] >>> [apiv2][body] POST https://cloudresourcemanager.googleapis.com/v1/projects/tcc-safeher:testIamPermissions {"permissions":["firebase.projects.get","firebaseextensions.instances.list"]}
[debug] [2025-11-27T02:15:31.483Z] <<< [apiv2][status] POST https://cloudresourcemanager.googleapis.com/v1/projects/tcc-safeher:testIamPermissions 200
[debug] [2025-11-27T02:15:31.483Z] <<< [apiv2][body] POST https://cloudresourcemanager.googleapis.com/v1/projects/tcc-safeher:testIamPermissions {"permissions":["firebase.projects.get","firebaseextensions.instances.list"]}
[debug] [2025-11-27T02:15:31.483Z] Checked if tokens are valid: true, expires at: 1764213087187
[debug] [2025-11-27T02:15:31.483Z] Checked if tokens are valid: true, expires at: 1764213087187
[debug] [2025-11-27T02:15:31.483Z] >>> [apiv2][query] GET https://firebaseextensions.googleapis.com/v1beta/projects/tcc-safeher/instances pageSize=100&pageToken=
[debug] [2025-11-27T02:15:32.600Z] <<< [apiv2][status] GET https://firebaseextensions.googleapis.com/v1beta/projects/tcc-safeher/instances 200
[debug] [2025-11-27T02:15:32.600Z] <<< [apiv2][body] GET https://firebaseextensions.googleapis.com/v1beta/projects/tcc-safeher/instances {}
[info] i  functions: preparing functions directory for uploading... 
[info] i  functions: packaged C:\TCC\SafeHer\functions (70.46 KB) for uploading 
[debug] [2025-11-27T02:15:32.631Z] Checked if tokens are valid: true, expires at: 1764213087187
[debug] [2025-11-27T02:15:32.631Z] Checked if tokens are valid: true, expires at: 1764213087187
[debug] [2025-11-27T02:15:32.631Z] >>> [apiv2][query] GET https://cloudfunctions.googleapis.com/v1/projects/tcc-safeher/locations/-/functions [none]
[debug] [2025-11-27T02:15:33.753Z] <<< [apiv2][status] GET https://cloudfunctions.googleapis.com/v1/projects/tcc-safeher/locations/-/functions 200
[debug] [2025-11-27T02:15:33.753Z] <<< [apiv2][body] GET https://cloudfunctions.googleapis.com/v1/projects/tcc-safeher/locations/-/functions {}
[debug] [2025-11-27T02:15:33.753Z] Checked if tokens are valid: true, expires at: 1764213087187
[debug] [2025-11-27T02:15:33.753Z] Checked if tokens are valid: true, expires at: 1764213087187
[debug] [2025-11-27T02:15:33.754Z] >>> [apiv2][query] GET https://cloudfunctions.googleapis.com/v2/projects/tcc-safeher/locations/-/functions filter=environment%3D%22GEN_2%22
[debug] [2025-11-27T02:15:34.970Z] <<< [apiv2][status] GET https://cloudfunctions.googleapis.com/v2/projects/tcc-safeher/locations/-/functions 200
[debug] [2025-11-27T02:15:34.970Z] <<< [apiv2][body] GET https://cloudfunctions.googleapis.com/v2/projects/tcc-safeher/locations/-/functions {"functions":[{"name":"projects/tcc-safeher/locations/us-central1/functions/api","buildConfig":{"build":"projects/1050394973274/locations/us-central1/builds/a84adbd1-1d45-42a6-b6aa-45d4e62bb2ac","runtime":"nodejs22","entryPoint":"api","source":{"storageSource":{"bucket":"gcf-v2-sources-1050394973274-us-central1","object":"api/function-source.zip","generation":"1760748987290948"}},"environmentVariables":{"GOOGLE_NODE_RUN_SCRIPTS":""},"dockerRepository":"projects/tcc-safeher/locations/us-central1/repositories/gcf-artifacts","sourceProvenance":{"resolvedStorageSource":{"bucket":"gcf-v2-sources-1050394973274-us-central1","object":"api/function-source.zip","generation":"1760748987290948"}},"dockerRegistry":"ARTIFACT_REGISTRY","serviceAccount":"projects/tcc-safeher/serviceAccounts/1050394973274-compute@developer.gserviceaccount.com","automaticUpdatePolicy":{}},"serviceConfig":{"service":"projects/tcc-safeher/locations/us-central1/services/api","timeoutSeconds":60,"environmentVariables":{"FIREBASE_CONFIG":"{\"projectId\":\"tcc-safeher\",\"storageBucket\":\"tcc-safeher.firebasestorage.app\"}","GCLOUD_PROJECT":"tcc-safeher","EVENTARC_CLOUD_EVENT_SOURCE":"projects/tcc-safeher/locations/us-central1/services/api","FUNCTION_TARGET":"api","LOG_EXECUTION_ID":"true"},"maxInstanceCount":20,"ingressSettings":"ALLOW_ALL","uri":"https://api-kfansz6nxa-uc.a.run.app","serviceAccountEmail":"1050394973274-compute@developer.gserviceaccount.com","availableMemory":"256Mi","allTrafficOnLatestRevision":true,"secretEnvironmentVariables":[{"key":"CUIDAI_API_KEY","projectId":"tcc-safeher","secret":"CUIDAI_API_KEY","version":"2"}],"revision":"api-00008-zaw","maxInstanceRequestConcurrency":80,"availableCpu":"1"},"state":"ACTIVE","updateTime":"2025-10-18T00:57:17.599365467Z","labels":{"deployment-tool":"cli-firebase","firebase-functions-hash":"113402fc52b7db92aaa72b0e4ceaf49e62db9d1a"},"environment":"GEN_2","url":"https://us-central1-tcc-safeher.cloudfunctions.net/api","createTime":"2025-10-17T06:35:29.182401724Z","satisfiesPzi":true}]}
[debug] [2025-11-27T02:15:34.971Z] Checked if tokens are valid: true, expires at: 1764213087187
[debug] [2025-11-27T02:15:34.971Z] Checked if tokens are valid: true, expires at: 1764213087187
[debug] [2025-11-27T02:15:34.972Z] >>> [apiv2][query] GET https://firestore.googleapis.com/v1/projects/tcc-safeher/databases/(default) [none]
[debug] [2025-11-27T02:15:35.205Z] <<< [apiv2][status] GET https://firestore.googleapis.com/v1/projects/tcc-safeher/databases/(default) 200
[debug] [2025-11-27T02:15:35.205Z] <<< [apiv2][body] GET https://firestore.googleapis.com/v1/projects/tcc-safeher/databases/(default) {"name":"projects/tcc-safeher/databases/(default)","uid":"2006fc6b-2940-40d5-a56e-adcabd51f58a","createTime":"2025-09-22T23:48:25.403804Z","updateTime":"2025-09-22T23:48:25.403804Z","locationId":"southamerica-east1","type":"FIRESTORE_NATIVE","concurrencyMode":"PESSIMISTIC","versionRetentionPeriod":"3600s","earliestVersionTime":"2025-11-27T01:15:34.780625Z","appEngineIntegrationMode":"DISABLED","keyPrefix":"i","pointInTimeRecoveryEnablement":"POINT_IN_TIME_RECOVERY_DISABLED","deleteProtectionState":"DELETE_PROTECTION_DISABLED","databaseEdition":"STANDARD","freeTier":true,"realtimeUpdatesMode":"REALTIME_UPDATES_MODE_ENABLED","etag":"IPeItLShkZEDMPvzmaqu9Y8D"}
[info] i  functions: ensuring required API run.googleapis.com is enabled... 
[info] i  functions: ensuring required API eventarc.googleapis.com is enabled... 
[info] i  functions: ensuring required API pubsub.googleapis.com is enabled... 
[info] i  functions: ensuring required API storage.googleapis.com is enabled... 
[info] i  functions: generating the service identity for pubsub.googleapis.com... 
[debug] [2025-11-27T02:15:35.209Z] Checked if tokens are valid: true, expires at: 1764213087187
[debug] [2025-11-27T02:15:35.209Z] Checked if tokens are valid: true, expires at: 1764213087187
[info] i  functions: generating the service identity for eventarc.googleapis.com... 
[debug] [2025-11-27T02:15:35.209Z] Checked if tokens are valid: true, expires at: 1764213087187
[debug] [2025-11-27T02:15:35.209Z] Checked if tokens are valid: true, expires at: 1764213087187
[debug] [2025-11-27T02:15:35.210Z] >>> [apiv2][query] POST https://serviceusage.googleapis.com/v1beta1/projects/1050394973274/services/pubsub.googleapis.com:generateServiceIdentity [none]
[debug] [2025-11-27T02:15:35.210Z] >>> [apiv2][(partial)header] POST https://serviceusage.googleapis.com/v1beta1/projects/1050394973274/services/pubsub.googleapis.com:generateServiceIdentity x-goog-quota-user=projects/1050394973274
[debug] [2025-11-27T02:15:35.210Z] >>> [apiv2][body] POST https://serviceusage.googleapis.com/v1beta1/projects/1050394973274/services/pubsub.googleapis.com:generateServiceIdentity {}
[debug] [2025-11-27T02:15:35.211Z] >>> [apiv2][query] POST https://serviceusage.googleapis.com/v1beta1/projects/1050394973274/services/eventarc.googleapis.com:generateServiceIdentity [none]
[debug] [2025-11-27T02:15:35.211Z] >>> [apiv2][(partial)header] POST https://serviceusage.googleapis.com/v1beta1/projects/1050394973274/services/eventarc.googleapis.com:generateServiceIdentity x-goog-quota-user=projects/1050394973274
[debug] [2025-11-27T02:15:35.211Z] >>> [apiv2][body] POST https://serviceusage.googleapis.com/v1beta1/projects/1050394973274/services/eventarc.googleapis.com:generateServiceIdentity {}
[debug] [2025-11-27T02:15:36.386Z] <<< [apiv2][status] POST https://serviceusage.googleapis.com/v1beta1/projects/1050394973274/services/pubsub.googleapis.com:generateServiceIdentity 200
[debug] [2025-11-27T02:15:36.386Z] <<< [apiv2][body] POST https://serviceusage.googleapis.com/v1beta1/projects/1050394973274/services/pubsub.googleapis.com:generateServiceIdentity {"name":"operations/finished.DONE_OPERATION","done":true,"response":{"@type":"type.googleapis.com/google.api.serviceusage.v1beta1.ServiceIdentity","email":"service-1050394973274@gcp-sa-pubsub.iam.gserviceaccount.com","uniqueId":"117875018998111279019"}}
[debug] [2025-11-27T02:15:36.387Z] <<< [apiv2][status] POST https://serviceusage.googleapis.com/v1beta1/projects/1050394973274/services/eventarc.googleapis.com:generateServiceIdentity 200
[debug] [2025-11-27T02:15:36.387Z] <<< [apiv2][body] POST https://serviceusage.googleapis.com/v1beta1/projects/1050394973274/services/eventarc.googleapis.com:generateServiceIdentity {"name":"operations/finished.DONE_OPERATION","done":true,"response":{"@type":"type.googleapis.com/google.api.serviceusage.v1beta1.ServiceIdentity","email":"service-1050394973274@gcp-sa-eventarc.iam.gserviceaccount.com","uniqueId":"102436458098344198185"}}
[info] i  functions: ensuring required API secretmanager.googleapis.com is enabled... 
[debug] [2025-11-27T02:15:36.388Z] Checked if tokens are valid: true, expires at: 1764213087187
[debug] [2025-11-27T02:15:36.388Z] Checked if tokens are valid: true, expires at: 1764213087187
[debug] [2025-11-27T02:15:36.389Z] >>> [apiv2][query] GET https://secretmanager.googleapis.com/v1/projects/tcc-safeher/secrets/CUIDAI_API_KEY/versions/latest [none]
[debug] [2025-11-27T02:15:36.782Z] <<< [apiv2][status] GET https://secretmanager.googleapis.com/v1/projects/tcc-safeher/secrets/CUIDAI_API_KEY/versions/latest 200
[debug] [2025-11-27T02:15:36.782Z] <<< [apiv2][body] GET https://secretmanager.googleapis.com/v1/projects/tcc-safeher/secrets/CUIDAI_API_KEY/versions/latest {"name":"projects/1050394973274/secrets/CUIDAI_API_KEY/versions/2","createTime":"2025-10-17T06:49:56.459822Z","state":"ENABLED","replicationStatus":{"automatic":{}},"etag":"\"164155243ff12e\"","clientSpecifiedPayloadChecksum":true}
[debug] [2025-11-27T02:15:36.783Z] Resolved secret version of CUIDAI_API_KEY to 2.
[debug] [2025-11-27T02:15:36.783Z] Checked if tokens are valid: true, expires at: 1764213087187
[debug] [2025-11-27T02:15:36.783Z] Checked if tokens are valid: true, expires at: 1764213087187
[debug] [2025-11-27T02:15:36.784Z] >>> [apiv2][query] GET https://compute.googleapis.com/compute/v1/projects/1050394973274 [none]
[debug] [2025-11-27T02:15:37.214Z] <<< [apiv2][status] GET https://compute.googleapis.com/compute/v1/projects/1050394973274 403
[debug] [2025-11-27T02:15:37.214Z] <<< [apiv2][body] GET https://compute.googleapis.com/compute/v1/projects/1050394973274 {"error":{"code":403,"message":"Compute Engine API has not been used in project 1050394973274 before or it is disabled. Enable it by visiting https://console.developers.google.com/apis/api/compute.googleapis.com/overview?project=1050394973274 then retry. If you enabled this API recently, wait a few minutes for the action to propagate to our systems and retry.","errors":[{"message":"Compute Engine API has not been used in project 1050394973274 before or it is disabled. Enable it by visiting https://console.developers.google.com/apis/api/compute.googleapis.com/overview?project=1050394973274 then retry. If you enabled this API recently, wait a few minutes for the action to propagate to our systems and retry.","domain":"usageLimits","reason":"accessNotConfigured","extendedHelp":"https://console.developers.google.com"}],"status":"PERMISSION_DENIED","details":[{"@type":"type.googleapis.com/google.rpc.ErrorInfo","reason":"SERVICE_DISABLED","domain":"googleapis.com","metadata":{"service":"compute.googleapis.com","containerInfo":"1050394973274","consumer":"projects/1050394973274","activationUrl":"https://console.developers.google.com/apis/api/compute.googleapis.com/overview?project=1050394973274","serviceTitle":"Compute Engine API"}},{"@type":"type.googleapis.com/google.rpc.LocalizedMessage","locale":"en-US","message":"Compute Engine API has not been used in project 1050394973274 before or it is disabled. Enable it by visiting https://console.developers.google.com/apis/api/compute.googleapis.com/overview?project=1050394973274 then retry. If you enabled this API recently, wait a few minutes for the action to propagate to our systems and retry."},{"@type":"type.googleapis.com/google.rpc.Help","links":[{"description":"Google developers console API activation","url":"https://console.developers.google.com/apis/api/compute.googleapis.com/overview?project=1050394973274"}]}]}}
[debug] [2025-11-27T02:15:37.214Z] unable to look up default compute service account. Falling back to 1050394973274-compute@developer.gserviceaccount.com. Error: {"name":"FirebaseError","children":[],"context":{"body":{"error":{"code":403,"message":"Compute Engine API has not been used in project 1050394973274 before or it is disabled. Enable it by visiting https://console.developers.google.com/apis/api/compute.googleapis.com/overview?project=1050394973274 then retry. If you enabled this API recently, wait a few minutes for the action to propagate to our systems and retry.","errors":[{"message":"Compute Engine API has not been used in project 1050394973274 before or it is disabled. Enable it by visiting https://console.developers.google.com/apis/api/compute.googleapis.com/overview?project=1050394973274 then retry. If you enabled this API recently, wait a few minutes for the action to propagate to our systems and retry.","domain":"usageLimits","reason":"accessNotConfigured","extendedHelp":"https://console.developers.google.com"}],"status":"PERMISSION_DENIED","details":[{"@type":"type.googleapis.com/google.rpc.ErrorInfo","reason":"SERVICE_DISABLED","domain":"googleapis.com","metadata":{"service":"compute.googleapis.com","containerInfo":"1050394973274","consumer":"projects/1050394973274","activationUrl":"https://console.developers.google.com/apis/api/compute.googleapis.com/overview?project=1050394973274","serviceTitle":"Compute Engine API"}},{"@type":"type.googleapis.com/google.rpc.LocalizedMessage","locale":"en-US","message":"Compute Engine API has not been used in project 1050394973274 before or it is disabled. Enable it by visiting https://console.developers.google.com/apis/api/compute.googleapis.com/overview?project=1050394973274 then retry. If you enabled this API recently, wait a few minutes for the action to propagate to our systems and retry."},{"@type":"type.googleapis.com/google.rpc.Help","links":[{"description":"Google developers console API activation","url":"https://console.developers.google.com/apis/api/compute.googleapis.com/overview?project=1050394973274"}]}]}},"response":{"statusCode":403}},"exit":1,"message":"Request to https://compute.googleapis.com/compute/v1/projects/1050394973274 had HTTP Error: 403, Compute Engine API has not been used in project 1050394973274 before or it is disabled. Enable it by visiting https://console.developers.google.com/apis/api/compute.googleapis.com/overview?project=1050394973274 then retry. If you enabled this API recently, wait a few minutes for the action to propagate to our systems and retry.","status":403}
[debug] [2025-11-27T02:15:37.215Z] Checked if tokens are valid: true, expires at: 1764213087187
[debug] [2025-11-27T02:15:37.215Z] Checked if tokens are valid: true, expires at: 1764213087187
[debug] [2025-11-27T02:15:37.215Z] >>> [apiv2][query] POST https://cloudresourcemanager.googleapis.com/v1/projects/1050394973274:getIamPolicy [none]
[debug] [2025-11-27T02:15:38.127Z] <<< [apiv2][status] POST https://cloudresourcemanager.googleapis.com/v1/projects/1050394973274:getIamPolicy 200
[debug] [2025-11-27T02:15:38.127Z] <<< [apiv2][body] POST https://cloudresourcemanager.googleapis.com/v1/projects/1050394973274:getIamPolicy {"version":1,"etag":"BwZBUsVZPoo=","bindings":[{"role":"roles/artifactregistry.serviceAgent","members":["serviceAccount:service-1050394973274@gcp-sa-artifactregistry.iam.gserviceaccount.com"]},{"role":"roles/cloudaicompanion.serviceAgent","members":["serviceAccount:service-1050394973274@gcp-sa-cloudaicompanion.iam.gserviceaccount.com"]},{"role":"roles/cloudbuild.builds.builder","members":["serviceAccount:1050394973274@cloudbuild.gserviceaccount.com"]},{"role":"roles/cloudbuild.serviceAgent","members":["serviceAccount:service-1050394973274@gcp-sa-cloudbuild.iam.gserviceaccount.com"]},{"role":"roles/cloudfunctions.serviceAgent","members":["serviceAccount:service-1050394973274@gcf-admin-robot.iam.gserviceaccount.com"]},{"role":"roles/containerregistry.ServiceAgent","members":["serviceAccount:service-1050394973274@containerregistry.iam.gserviceaccount.com"]},{"role":"roles/editor","members":["serviceAccount:1050394973274-compute@developer.gserviceaccount.com","serviceAccount:1050394973274@cloudservices.gserviceaccount.com","serviceAccount:tcc-safeher@appspot.gserviceaccount.com"]},{"role":"roles/firebase.managementServiceAgent","members":["serviceAccount:service-1050394973274@gcp-sa-firebase.iam.gserviceaccount.com"]},{"role":"roles/firebase.sdkAdminServiceAgent","members":["serviceAccount:firebase-adminsdk-fbsvc@tcc-safeher.iam.gserviceaccount.com"]},{"role":"roles/firebaseauth.admin","members":["serviceAccount:firebase-adminsdk-fbsvc@tcc-safeher.iam.gserviceaccount.com"]},{"role":"roles/firebasemods.serviceAgent","members":["serviceAccount:service-1050394973274@gcp-sa-firebasemods.iam.gserviceaccount.com"]},{"role":"roles/firebaserules.system","members":["serviceAccount:service-1050394973274@firebase-rules.iam.gserviceaccount.com"]},{"role":"roles/firebasestorage.serviceAgent","members":["serviceAccount:service-1050394973274@gcp-sa-firebasestorage.iam.gserviceaccount.com"]},{"role":"roles/firestore.serviceAgent","members":["serviceAccount:service-1050394973274@gcp-sa-firestore.iam.gserviceaccount.com"]},{"role":"roles/iam.serviceAccountTokenCreator","members":["serviceAccount:firebase-adminsdk-fbsvc@tcc-safeher.iam.gserviceaccount.com"]},{"role":"roles/owner","members":["user:vagnercode@gmail.com"]},{"role":"roles/run.serviceAgent","members":["serviceAccount:service-1050394973274@serverless-robot-prod.iam.gserviceaccount.com"]},{"role":"roles/storage.admin","members":["serviceAccount:firebase-adminsdk-fbsvc@tcc-safeher.iam.gserviceaccount.com"]}]}
[debug] [2025-11-27T02:15:38.128Z] Checked if tokens are valid: true, expires at: 1764213087187
[debug] [2025-11-27T02:15:38.128Z] Checked if tokens are valid: true, expires at: 1764213087187
[debug] [2025-11-27T02:15:38.128Z] >>> [apiv2][query] POST https://cloudresourcemanager.googleapis.com/v1/projects/1050394973274:setIamPolicy [none]
[debug] [2025-11-27T02:15:38.128Z] >>> [apiv2][body] POST https://cloudresourcemanager.googleapis.com/v1/projects/1050394973274:setIamPolicy {"policy":{"version":1,"etag":"BwZBUsVZPoo=","bindings":[{"role":"roles/artifactregistry.serviceAgent","members":["serviceAccount:service-1050394973274@gcp-sa-artifactregistry.iam.gserviceaccount.com"]},{"role":"roles/cloudaicompanion.serviceAgent","members":["serviceAccount:service-1050394973274@gcp-sa-cloudaicompanion.iam.gserviceaccount.com"]},{"role":"roles/cloudbuild.builds.builder","members":["serviceAccount:1050394973274@cloudbuild.gserviceaccount.com"]},{"role":"roles/cloudbuild.serviceAgent","members":["serviceAccount:service-1050394973274@gcp-sa-cloudbuild.iam.gserviceaccount.com"]},{"role":"roles/cloudfunctions.serviceAgent","members":["serviceAccount:service-1050394973274@gcf-admin-robot.iam.gserviceaccount.com"]},{"role":"roles/containerregistry.ServiceAgent","members":["serviceAccount:service-1050394973274@containerregistry.iam.gserviceaccount.com"]},{"role":"roles/editor","members":["serviceAccount:1050394973274-compute@developer.gserviceaccount.com","serviceAccount:1050394973274@cloudservices.gserviceaccount.com","serviceAccount:tcc-safeher@appspot.gserviceaccount.com"]},{"role":"roles/firebase.managementServiceAgent","members":["serviceAccount:service-1050394973274@gcp-sa-firebase.iam.gserviceaccount.com"]},{"role":"roles/firebase.sdkAdminServiceAgent","members":["serviceAccount:firebase-adminsdk-fbsvc@tcc-safeher.iam.gserviceaccount.com"]},{"role":"roles/firebaseauth.admin","members":["serviceAccount:firebase-adminsdk-fbsvc@tcc-safeher.iam.gserviceaccount.com"]},{"role":"roles/firebasemods.serviceAgent","members":["serviceAccount:service-1050394973274@gcp-sa-firebasemods.iam.gserviceaccount.com"]},{"role":"roles/firebaserules.system","members":["serviceAccount:service-1050394973274@firebase-rules.iam.gserviceaccount.com"]},{"role":"roles/firebasestorage.serviceAgent","members":["serviceAccount:service-1050394973274@gcp-sa-firebasestorage.iam.gserviceaccount.com"]},{"role":"roles/firestore.serviceAgent","members":["serviceAccount:service-1050394973274@gcp-sa-firestore.iam.gserviceaccount.com"]},{"role":"roles/iam.serviceAccountTokenCreator","members":["serviceAccount:firebase-adminsdk-fbsvc@tcc-safeher.iam.gserviceaccount.com","serviceAccount:service-1050394973274@gcp-sa-pubsub.iam.gserviceaccount.com"]},{"role":"roles/owner","members":["user:vagnercode@gmail.com"]},{"role":"roles/run.serviceAgent","members":["serviceAccount:service-1050394973274@serverless-robot-prod.iam.gserviceaccount.com"]},{"role":"roles/storage.admin","members":["serviceAccount:firebase-adminsdk-fbsvc@tcc-safeher.iam.gserviceaccount.com"]},{"role":"roles/run.invoker","members":["serviceAccount:1050394973274-compute@developer.gserviceaccount.com"]},{"role":"roles/eventarc.eventReceiver","members":["serviceAccount:1050394973274-compute@developer.gserviceaccount.com"]}]},"updateMask":"bindings"}
[debug] [2025-11-27T02:15:38.993Z] <<< [apiv2][status] POST https://cloudresourcemanager.googleapis.com/v1/projects/1050394973274:setIamPolicy 200
[debug] [2025-11-27T02:15:38.993Z] <<< [apiv2][body] POST https://cloudresourcemanager.googleapis.com/v1/projects/1050394973274:setIamPolicy {"version":1,"etag":"BwZEihbFfyU=","bindings":[{"role":"roles/artifactregistry.serviceAgent","members":["serviceAccount:service-1050394973274@gcp-sa-artifactregistry.iam.gserviceaccount.com"]},{"role":"roles/cloudaicompanion.serviceAgent","members":["serviceAccount:service-1050394973274@gcp-sa-cloudaicompanion.iam.gserviceaccount.com"]},{"role":"roles/cloudbuild.builds.builder","members":["serviceAccount:1050394973274@cloudbuild.gserviceaccount.com"]},{"role":"roles/cloudbuild.serviceAgent","members":["serviceAccount:service-1050394973274@gcp-sa-cloudbuild.iam.gserviceaccount.com"]},{"role":"roles/cloudfunctions.serviceAgent","members":["serviceAccount:service-1050394973274@gcf-admin-robot.iam.gserviceaccount.com"]},{"role":"roles/containerregistry.ServiceAgent","members":["serviceAccount:service-1050394973274@containerregistry.iam.gserviceaccount.com"]},{"role":"roles/editor","members":["serviceAccount:1050394973274-compute@developer.gserviceaccount.com","serviceAccount:1050394973274@cloudservices.gserviceaccount.com","serviceAccount:tcc-safeher@appspot.gserviceaccount.com"]},{"role":"roles/eventarc.eventReceiver","members":["serviceAccount:1050394973274-compute@developer.gserviceaccount.com"]},{"role":"roles/firebase.managementServiceAgent","members":["serviceAccount:service-1050394973274@gcp-sa-firebase.iam.gserviceaccount.com"]},{"role":"roles/firebase.sdkAdminServiceAgent","members":["serviceAccount:firebase-adminsdk-fbsvc@tcc-safeher.iam.gserviceaccount.com"]},{"role":"roles/firebaseauth.admin","members":["serviceAccount:firebase-adminsdk-fbsvc@tcc-safeher.iam.gserviceaccount.com"]},{"role":"roles/firebasemods.serviceAgent","members":["serviceAccount:service-1050394973274@gcp-sa-firebasemods.iam.gserviceaccount.com"]},{"role":"roles/firebaserules.system","members":["serviceAccount:service-1050394973274@firebase-rules.iam.gserviceaccount.com"]},{"role":"roles/firebasestorage.serviceAgent","members":["serviceAccount:service-1050394973274@gcp-sa-firebasestorage.iam.gserviceaccount.com"]},{"role":"roles/firestore.serviceAgent","members":["serviceAccount:service-1050394973274@gcp-sa-firestore.iam.gserviceaccount.com"]},{"role":"roles/iam.serviceAccountTokenCreator","members":["serviceAccount:firebase-adminsdk-fbsvc@tcc-safeher.iam.gserviceaccount.com","serviceAccount:service-1050394973274@gcp-sa-pubsub.iam.gserviceaccount.com"]},{"role":"roles/owner","members":["user:vagnercode@gmail.com"]},{"role":"roles/run.invoker","members":["serviceAccount:1050394973274-compute@developer.gserviceaccount.com"]},{"role":"roles/run.serviceAgent","members":["serviceAccount:service-1050394973274@serverless-robot-prod.iam.gserviceaccount.com"]},{"role":"roles/storage.admin","members":["serviceAccount:firebase-adminsdk-fbsvc@tcc-safeher.iam.gserviceaccount.com"]}]}
[debug] [2025-11-27T02:15:38.994Z] Checked if tokens are valid: true, expires at: 1764213087187
[debug] [2025-11-27T02:15:38.994Z] Checked if tokens are valid: true, expires at: 1764213087187
[debug] [2025-11-27T02:15:38.994Z] >>> [apiv2][query] GET https://cloudresourcemanager.googleapis.com/v1/projects/tcc-safeher [none]
[debug] [2025-11-27T02:15:39.207Z] <<< [apiv2][status] GET https://cloudresourcemanager.googleapis.com/v1/projects/tcc-safeher 200
[debug] [2025-11-27T02:15:39.207Z] <<< [apiv2][body] GET https://cloudresourcemanager.googleapis.com/v1/projects/tcc-safeher {"projectNumber":"1050394973274","projectId":"tcc-safeher","lifecycleState":"ACTIVE","name":"TCC-SAFEHER","labels":{"firebase":"enabled","firebase-core":"disabled"},"createTime":"2025-09-22T23:31:41.763044Z"}
[debug] [2025-11-27T02:15:39.207Z] Checked if tokens are valid: true, expires at: 1764213087187
[debug] [2025-11-27T02:15:39.207Z] Checked if tokens are valid: true, expires at: 1764213087187
[debug] [2025-11-27T02:15:39.207Z] >>> [apiv2][query] GET https://compute.googleapis.com/compute/v1/projects/1050394973274 [none]
[debug] [2025-11-27T02:15:39.459Z] <<< [apiv2][status] GET https://compute.googleapis.com/compute/v1/projects/1050394973274 403
[debug] [2025-11-27T02:15:39.459Z] <<< [apiv2][body] GET https://compute.googleapis.com/compute/v1/projects/1050394973274 {"error":{"code":403,"message":"Compute Engine API has not been used in project 1050394973274 before or it is disabled. Enable it by visiting https://console.developers.google.com/apis/api/compute.googleapis.com/overview?project=1050394973274 then retry. If you enabled this API recently, wait a few minutes for the action to propagate to our systems and retry.","errors":[{"message":"Compute Engine API has not been used in project 1050394973274 before or it is disabled. Enable it by visiting https://console.developers.google.com/apis/api/compute.googleapis.com/overview?project=1050394973274 then retry. If you enabled this API recently, wait a few minutes for the action to propagate to our systems and retry.","domain":"usageLimits","reason":"accessNotConfigured","extendedHelp":"https://console.developers.google.com"}],"status":"PERMISSION_DENIED","details":[{"@type":"type.googleapis.com/google.rpc.ErrorInfo","reason":"SERVICE_DISABLED","domain":"googleapis.com","metadata":{"serviceTitle":"Compute Engine API","activationUrl":"https://console.developers.google.com/apis/api/compute.googleapis.com/overview?project=1050394973274","containerInfo":"1050394973274","consumer":"projects/1050394973274","service":"compute.googleapis.com"}},{"@type":"type.googleapis.com/google.rpc.LocalizedMessage","locale":"en-US","message":"Compute Engine API has not been used in project 1050394973274 before or it is disabled. Enable it by visiting https://console.developers.google.com/apis/api/compute.googleapis.com/overview?project=1050394973274 then retry. If you enabled this API recently, wait a few minutes for the action to propagate to our systems and retry."},{"@type":"type.googleapis.com/google.rpc.Help","links":[{"description":"Google developers console API activation","url":"https://console.developers.google.com/apis/api/compute.googleapis.com/overview?project=1050394973274"}]}]}}
[debug] [2025-11-27T02:15:39.459Z] unable to look up default compute service account. Falling back to 1050394973274-compute@developer.gserviceaccount.com. Error: {"name":"FirebaseError","children":[],"context":{"body":{"error":{"code":403,"message":"Compute Engine API has not been used in project 1050394973274 before or it is disabled. Enable it by visiting https://console.developers.google.com/apis/api/compute.googleapis.com/overview?project=1050394973274 then retry. If you enabled this API recently, wait a few minutes for the action to propagate to our systems and retry.","errors":[{"message":"Compute Engine API has not been used in project 1050394973274 before or it is disabled. Enable it by visiting https://console.developers.google.com/apis/api/compute.googleapis.com/overview?project=1050394973274 then retry. If you enabled this API recently, wait a few minutes for the action to propagate to our systems and retry.","domain":"usageLimits","reason":"accessNotConfigured","extendedHelp":"https://console.developers.google.com"}],"status":"PERMISSION_DENIED","details":[{"@type":"type.googleapis.com/google.rpc.ErrorInfo","reason":"SERVICE_DISABLED","domain":"googleapis.com","metadata":{"serviceTitle":"Compute Engine API","activationUrl":"https://console.developers.google.com/apis/api/compute.googleapis.com/overview?project=1050394973274","containerInfo":"1050394973274","consumer":"projects/1050394973274","service":"compute.googleapis.com"}},{"@type":"type.googleapis.com/google.rpc.LocalizedMessage","locale":"en-US","message":"Compute Engine API has not been used in project 1050394973274 before or it is disabled. Enable it by visiting https://console.developers.google.com/apis/api/compute.googleapis.com/overview?project=1050394973274 then retry. If you enabled this API recently, wait a few minutes for the action to propagate to our systems and retry."},{"@type":"type.googleapis.com/google.rpc.Help","links":[{"description":"Google developers console API activation","url":"https://console.developers.google.com/apis/api/compute.googleapis.com/overview?project=1050394973274"}]}]}},"response":{"statusCode":403}},"exit":1,"message":"Request to https://compute.googleapis.com/compute/v1/projects/1050394973274 had HTTP Error: 403, Compute Engine API has not been used in project 1050394973274 before or it is disabled. Enable it by visiting https://console.developers.google.com/apis/api/compute.googleapis.com/overview?project=1050394973274 then retry. If you enabled this API recently, wait a few minutes for the action to propagate to our systems and retry.","status":403}
[debug] [2025-11-27T02:15:39.459Z] Checked if tokens are valid: true, expires at: 1764213087187
[debug] [2025-11-27T02:15:39.459Z] Checked if tokens are valid: true, expires at: 1764213087187
[debug] [2025-11-27T02:15:39.459Z] >>> [apiv2][query] GET https://compute.googleapis.com/compute/v1/projects/1050394973274 [none]
[debug] [2025-11-27T02:15:39.719Z] <<< [apiv2][status] GET https://compute.googleapis.com/compute/v1/projects/1050394973274 403
[debug] [2025-11-27T02:15:39.719Z] <<< [apiv2][body] GET https://compute.googleapis.com/compute/v1/projects/1050394973274 {"error":{"code":403,"message":"Compute Engine API has not been used in project 1050394973274 before or it is disabled. Enable it by visiting https://console.developers.google.com/apis/api/compute.googleapis.com/overview?project=1050394973274 then retry. If you enabled this API recently, wait a few minutes for the action to propagate to our systems and retry.","errors":[{"message":"Compute Engine API has not been used in project 1050394973274 before or it is disabled. Enable it by visiting https://console.developers.google.com/apis/api/compute.googleapis.com/overview?project=1050394973274 then retry. If you enabled this API recently, wait a few minutes for the action to propagate to our systems and retry.","domain":"usageLimits","reason":"accessNotConfigured","extendedHelp":"https://console.developers.google.com"}],"status":"PERMISSION_DENIED","details":[{"@type":"type.googleapis.com/google.rpc.ErrorInfo","reason":"SERVICE_DISABLED","domain":"googleapis.com","metadata":{"serviceTitle":"Compute Engine API","consumer":"projects/1050394973274","service":"compute.googleapis.com","activationUrl":"https://console.developers.google.com/apis/api/compute.googleapis.com/overview?project=1050394973274","containerInfo":"1050394973274"}},{"@type":"type.googleapis.com/google.rpc.LocalizedMessage","locale":"en-US","message":"Compute Engine API has not been used in project 1050394973274 before or it is disabled. Enable it by visiting https://console.developers.google.com/apis/api/compute.googleapis.com/overview?project=1050394973274 then retry. If you enabled this API recently, wait a few minutes for the action to propagate to our systems and retry."},{"@type":"type.googleapis.com/google.rpc.Help","links":[{"description":"Google developers console API activation","url":"https://console.developers.google.com/apis/api/compute.googleapis.com/overview?project=1050394973274"}]}]}}
[debug] [2025-11-27T02:15:39.719Z] unable to look up default compute service account. Falling back to 1050394973274-compute@developer.gserviceaccount.com. Error: {"name":"FirebaseError","children":[],"context":{"body":{"error":{"code":403,"message":"Compute Engine API has not been used in project 1050394973274 before or it is disabled. Enable it by visiting https://console.developers.google.com/apis/api/compute.googleapis.com/overview?project=1050394973274 then retry. If you enabled this API recently, wait a few minutes for the action to propagate to our systems and retry.","errors":[{"message":"Compute Engine API has not been used in project 1050394973274 before or it is disabled. Enable it by visiting https://console.developers.google.com/apis/api/compute.googleapis.com/overview?project=1050394973274 then retry. If you enabled this API recently, wait a few minutes for the action to propagate to our systems and retry.","domain":"usageLimits","reason":"accessNotConfigured","extendedHelp":"https://console.developers.google.com"}],"status":"PERMISSION_DENIED","details":[{"@type":"type.googleapis.com/google.rpc.ErrorInfo","reason":"SERVICE_DISABLED","domain":"googleapis.com","metadata":{"serviceTitle":"Compute Engine API","consumer":"projects/1050394973274","service":"compute.googleapis.com","activationUrl":"https://console.developers.google.com/apis/api/compute.googleapis.com/overview?project=1050394973274","containerInfo":"1050394973274"}},{"@type":"type.googleapis.com/google.rpc.LocalizedMessage","locale":"en-US","message":"Compute Engine API has not been used in project 1050394973274 before or it is disabled. Enable it by visiting https://console.developers.google.com/apis/api/compute.googleapis.com/overview?project=1050394973274 then retry. If you enabled this API recently, wait a few minutes for the action to propagate to our systems and retry."},{"@type":"type.googleapis.com/google.rpc.Help","links":[{"description":"Google developers console API activation","url":"https://console.developers.google.com/apis/api/compute.googleapis.com/overview?project=1050394973274"}]}]}},"response":{"statusCode":403}},"exit":1,"message":"Request to https://compute.googleapis.com/compute/v1/projects/1050394973274 had HTTP Error: 403, Compute Engine API has not been used in project 1050394973274 before or it is disabled. Enable it by visiting https://console.developers.google.com/apis/api/compute.googleapis.com/overview?project=1050394973274 then retry. If you enabled this API recently, wait a few minutes for the action to propagate to our systems and retry.","status":403}
[debug] [2025-11-27T02:15:39.720Z] Checked if tokens are valid: true, expires at: 1764213087187
[debug] [2025-11-27T02:15:39.720Z] Checked if tokens are valid: true, expires at: 1764213087187
[debug] [2025-11-27T02:15:39.720Z] >>> [apiv2][query] GET https://cloudbilling.googleapis.com/v1/projects/tcc-safeher/billingInfo [none]
[debug] [2025-11-27T02:15:40.735Z] <<< [apiv2][status] GET https://cloudbilling.googleapis.com/v1/projects/tcc-safeher/billingInfo 200
[debug] [2025-11-27T02:15:40.735Z] <<< [apiv2][body] GET https://cloudbilling.googleapis.com/v1/projects/tcc-safeher/billingInfo {"name":"projects/tcc-safeher/billingInfo","projectId":"tcc-safeher","billingAccountName":"billingAccounts/0170F1-E4FABC-8D2792","billingEnabled":true}
[debug] [2025-11-27T02:15:40.736Z] Checked if tokens are valid: true, expires at: 1764213087187
[debug] [2025-11-27T02:15:40.736Z] Checked if tokens are valid: true, expires at: 1764213087187
[debug] [2025-11-27T02:15:40.736Z] >>> [apiv2][query] POST https://cloudfunctions.googleapis.com/v2/projects/tcc-safeher/locations/us-central1/functions:generateUploadUrl [none]
[debug] [2025-11-27T02:15:41.816Z] <<< [apiv2][status] POST https://cloudfunctions.googleapis.com/v2/projects/tcc-safeher/locations/us-central1/functions:generateUploadUrl 200
[debug] [2025-11-27T02:15:41.816Z] <<< [apiv2][body] POST https://cloudfunctions.googleapis.com/v2/projects/tcc-safeher/locations/us-central1/functions:generateUploadUrl {"uploadUrl":"https://storage.googleapis.com/gcf-v2-uploads-1050394973274.us-central1.cloudfunctions.appspot.com/1bc77e39-0d7d-4bdf-9aba-efd4241c74c0.zip?GoogleAccessId=service-1050394973274@gcf-admin-robot.iam.gserviceaccount.com&Expires=1764211541&Signature=1v7o1PFjy0P31thebNAmawVU5wqoS%2FhdLrX580Ya7q649BUeMHZ01tKxRmkr%2FGFn1wZu9Y6KVCkpd0Ox8INvUkrs1cB6d%2FsEFr0CDyylsenK5SMzloEzJ291A7G30SpE76DJ2hlKpkFvY%2BSO1vTIDtjKa2Mv4R52HEx6FO7yMpfXW%2F31knVQ6xKeCAJmhtBWwwCG3jeeS7fUj6jotyp7DbWZitwPvMsKLit%2FQLfpcri4tQ1xZU8%2BZuog%2BOWiJEm7MSxH5q31UlZtEA%2Bm20j6y%2FMllIIY1YhA%2BxRY6vVPjUC683EHEHsyvoJGhMt9kGdzF1qim239Y3XJqkeQZFQW%2FA%3D%3D","storageSource":{"bucket":"gcf-v2-uploads-1050394973274.us-central1.cloudfunctions.appspot.com","object":"1bc77e39-0d7d-4bdf-9aba-efd4241c74c0.zip"}}
[debug] [2025-11-27T02:15:41.816Z] >>> [apiv2][query] PUT https://storage.googleapis.com/gcf-v2-uploads-1050394973274.us-central1.cloudfunctions.appspot.com/1bc77e39-0d7d-4bdf-9aba-efd4241c74c0.zip GoogleAccessId=service-1050394973274%40gcf-admin-robot.iam.gserviceaccount.com&Expires=1764211541&Signature=1v7o1PFjy0P31thebNAmawVU5wqoS%2FhdLrX580Ya7q649BUeMHZ01tKxRmkr%2FGFn1wZu9Y6KVCkpd0Ox8INvUkrs1cB6d%2FsEFr0CDyylsenK5SMzloEzJ291A7G30SpE76DJ2hlKpkFvY%2BSO1vTIDtjKa2Mv4R52HEx6FO7yMpfXW%2F31knVQ6xKeCAJmhtBWwwCG3jeeS7fUj6jotyp7DbWZitwPvMsKLit%2FQLfpcri4tQ1xZU8%2BZuog%2BOWiJEm7MSxH5q31UlZtEA%2Bm20j6y%2FMllIIY1YhA%2BxRY6vVPjUC683EHEHsyvoJGhMt9kGdzF1qim239Y3XJqkeQZFQW%2FA%3D%3D
[debug] [2025-11-27T02:15:41.816Z] >>> [apiv2][body] PUT https://storage.googleapis.com/gcf-v2-uploads-1050394973274.us-central1.cloudfunctions.appspot.com/1bc77e39-0d7d-4bdf-9aba-efd4241c74c0.zip [stream]
[debug] [2025-11-27T02:15:42.474Z] <<< [apiv2][status] PUT https://storage.googleapis.com/gcf-v2-uploads-1050394973274.us-central1.cloudfunctions.appspot.com/1bc77e39-0d7d-4bdf-9aba-efd4241c74c0.zip 200
[debug] [2025-11-27T02:15:42.474Z] <<< [apiv2][body] PUT https://storage.googleapis.com/gcf-v2-uploads-1050394973274.us-central1.cloudfunctions.appspot.com/1bc77e39-0d7d-4bdf-9aba-efd4241c74c0.zip [omitted]
[info] +  functions: functions source uploaded successfully 
[info] i  functions: creating Node.js 22 (2nd Gen) function monitorarTentativasLogin(us-central1)... 
[info] i  functions: updating Node.js 22 (2nd Gen) function api(us-central1)... 
[debug] [2025-11-27T02:15:42.478Z] Checked if tokens are valid: true, expires at: 1764213087187
[debug] [2025-11-27T02:15:42.478Z] Checked if tokens are valid: true, expires at: 1764213087187
[debug] [2025-11-27T02:15:42.478Z] >>> [apiv2][query] POST https://cloudfunctions.googleapis.com/v2/projects/tcc-safeher/locations/us-central1/functions functionId=monitorarTentativasLogin
[debug] [2025-11-27T02:15:42.478Z] >>> [apiv2][body] POST https://cloudfunctions.googleapis.com/v2/projects/tcc-safeher/locations/us-central1/functions {"name":"projects/tcc-safeher/locations/us-central1/functions/monitorarTentativasLogin","buildConfig":{"runtime":"nodejs22","entryPoint":"monitorarTentativasLogin","source":{"storageSource":{"bucket":"gcf-v2-uploads-1050394973274.us-central1.cloudfunctions.appspot.com","object":"1bc77e39-0d7d-4bdf-9aba-efd4241c74c0.zip"}},"environmentVariables":{"GOOGLE_NODE_RUN_SCRIPTS":""}},"serviceConfig":{"environmentVariables":{"FIREBASE_CONFIG":"{\"projectId\":\"tcc-safeher\",\"storageBucket\":\"tcc-safeher.firebasestorage.app\"}","GCLOUD_PROJECT":"tcc-safeher","EVENTARC_CLOUD_EVENT_SOURCE":"projects/tcc-safeher/locations/us-central1/services/monitorarTentativasLogin","FUNCTION_SIGNATURE_TYPE":"cloudevent","FUNCTION_TARGET":"monitorarTentativasLogin","LOG_EXECUTION_ID":"true"},"ingressSettings":null,"timeoutSeconds":null,"serviceAccountEmail":null,"availableMemory":"256Mi","minInstanceCount":null,"maxInstanceCount":null,"maxInstanceRequestConcurrency":80,"availableCpu":"1","vpcConnector":null,"vpcConnectorEgressSettings":null},"labels":{"deployment-tool":"cli-firebase","firebase-functions-hash":"3ca6071dcab02d2d192f0ce7c6d511694eaec12e"},"eventTrigger":{"eventType":"google.cloud.firestore.document.v1.updated","retryPolicy":"RETRY_POLICY_DO_NOT_RETRY","eventFilters":[{"attribute":"database","value":"(default)"},{"attribute":"namespace","value":"(default)"},{"attribute":"document","value":"login_attempts/{docId}","operator":"match-path-pattern"}],"triggerRegion":"southamerica-east1"}}
[debug] [2025-11-27T02:15:59.762Z] <<< [apiv2][status] POST https://cloudfunctions.googleapis.com/v2/projects/tcc-safeher/locations/us-central1/functions 400
[debug] [2025-11-27T02:15:59.762Z] <<< [apiv2][body] POST https://cloudfunctions.googleapis.com/v2/projects/tcc-safeher/locations/us-central1/functions {"error":{"code":400,"message":"Validation failed for trigger projects/tcc-safeher/locations/southamerica-east1/triggers/monitorartentativaslogin-770895: Invalid resource state for \"\": Permission denied while using the Eventarc Service Agent. If you recently started to use Eventarc, it may take a few minutes before all necessary permissions are propagated to the Service Agent. Otherwise, verify that it has Eventarc Service Agent role.","status":"FAILED_PRECONDITION"}}
[warn] !  functions: Request to https://cloudfunctions.googleapis.com/v2/projects/tcc-safeher/locations/us-central1/functions?functionId=monitorarTentativasLogin had HTTP Error: 400, Validation failed for trigger projects/tcc-safeher/locations/southamerica-east1/triggers/monitorartentativaslogin-770895: Invalid resource state for "": Permission denied while using the Eventarc Service Agent. If you recently started to use Eventarc, it may take a few minutes before all necessary permissions are propagated to the Service Agent. Otherwise, verify that it has Eventarc Service Agent role. 
[warn] !  functions: Since this is your first time using 2nd gen functions, we need a little bit longer to finish setting everything up. Retry the deployment in a few minutes. 
[warn] !  functions:  failed to create function projects/tcc-safeher/locations/us-central1/functions/monitorarTentativasLogin 
[error] Failed to create function projects/tcc-safeher/locations/us-central1/functions/monitorarTentativasLogin
[debug] [2025-11-27T02:15:59.765Z] Checked if tokens are valid: true, expires at: 1764213087187
[debug] [2025-11-27T02:15:59.765Z] Checked if tokens are valid: true, expires at: 1764213087187
[debug] [2025-11-27T02:15:59.766Z] >>> [apiv2][query] PATCH https://cloudfunctions.googleapis.com/v2/projects/tcc-safeher/locations/us-central1/functions/api updateMask=name%2CbuildConfig.runtime%2CbuildConfig.entryPoint%2CbuildConfig.source.storageSource.bucket%2CbuildConfig.source.storageSource.object%2CbuildConfig.environmentVariables%2CbuildConfig.sourceToken%2CserviceConfig.environmentVariables%2CserviceConfig.secretEnvironmentVariables%2CserviceConfig.ingressSettings%2CserviceConfig.timeoutSeconds%2CserviceConfig.serviceAccountEmail%2CserviceConfig.availableMemory%2CserviceConfig.minInstanceCount%2CserviceConfig.maxInstanceCount%2CserviceConfig.maxInstanceRequestConcurrency%2CserviceConfig.availableCpu%2CserviceConfig.vpcConnector%2CserviceConfig.vpcConnectorEgressSettings%2Clabels
[debug] [2025-11-27T02:15:59.766Z] >>> [apiv2][body] PATCH https://cloudfunctions.googleapis.com/v2/projects/tcc-safeher/locations/us-central1/functions/api {"name":"projects/tcc-safeher/locations/us-central1/functions/api","buildConfig":{"runtime":"nodejs22","entryPoint":"api","source":{"storageSource":{"bucket":"gcf-v2-uploads-1050394973274.us-central1.cloudfunctions.appspot.com","object":"1bc77e39-0d7d-4bdf-9aba-efd4241c74c0.zip"}},"environmentVariables":{"GOOGLE_NODE_RUN_SCRIPTS":""}},"serviceConfig":{"environmentVariables":{"FIREBASE_CONFIG":"{\"projectId\":\"tcc-safeher\",\"storageBucket\":\"tcc-safeher.firebasestorage.app\"}","GCLOUD_PROJECT":"tcc-safeher","EVENTARC_CLOUD_EVENT_SOURCE":"projects/tcc-safeher/locations/us-central1/services/api","FUNCTION_TARGET":"api","LOG_EXECUTION_ID":"true"},"secretEnvironmentVariables":[{"key":"CUIDAI_API_KEY","secret":"CUIDAI_API_KEY","projectId":"tcc-safeher","version":"2"}],"ingressSettings":null,"timeoutSeconds":null,"serviceAccountEmail":null,"availableMemory":"256Mi","minInstanceCount":null,"maxInstanceCount":null,"maxInstanceRequestConcurrency":80,"availableCpu":"1","vpcConnector":null,"vpcConnectorEgressSettings":null},"labels":{"deployment-tool":"cli-firebase","firebase-functions-hash":"d244d50edca1f29d75014630619b47b1942c2e41"}}
[debug] [2025-11-27T02:16:01.669Z] <<< [apiv2][status] PATCH https://cloudfunctions.googleapis.com/v2/projects/tcc-safeher/locations/us-central1/functions/api 200
[debug] [2025-11-27T02:16:01.669Z] <<< [apiv2][body] PATCH https://cloudfunctions.googleapis.com/v2/projects/tcc-safeher/locations/us-central1/functions/api {"name":"projects/tcc-safeher/locations/us-central1/operations/operation-1764209760204-6448a1810f80d-3b1f5a17-d952aa03","metadata":{"@type":"type.googleapis.com/google.cloud.functions.v2.OperationMetadata","createTime":"2025-11-27T02:16:01.127792666Z","target":"projects/tcc-safeher/locations/us-central1/functions/api","verb":"update","cancelRequested":false,"apiVersion":"v2"},"done":false}
[debug] [2025-11-27T02:16:01.670Z] Checked if tokens are valid: true, expires at: 1764213087187
[debug] [2025-11-27T02:16:01.670Z] Checked if tokens are valid: true, expires at: 1764213087187
[debug] [2025-11-27T02:16:01.670Z] >>> [apiv2][query] GET https://cloudfunctions.googleapis.com/v2/projects/tcc-safeher/locations/us-central1/operations/operation-1764209760204-6448a1810f80d-3b1f5a17-d952aa03 [none]
[debug] [2025-11-27T02:16:02.654Z] <<< [apiv2][status] GET https://cloudfunctions.googleapis.com/v2/projects/tcc-safeher/locations/us-central1/operations/operation-1764209760204-6448a1810f80d-3b1f5a17-d952aa03 200
[debug] [2025-11-27T02:16:02.654Z] <<< [apiv2][body] GET https://cloudfunctions.googleapis.com/v2/projects/tcc-safeher/locations/us-central1/operations/operation-1764209760204-6448a1810f80d-3b1f5a17-d952aa03 {"name":"projects/tcc-safeher/locations/us-central1/operations/operation-1764209760204-6448a1810f80d-3b1f5a17-d952aa03","metadata":{"@type":"type.googleapis.com/google.cloud.functions.v2.OperationMetadata","createTime":"2025-11-27T02:16:01.127792666Z","target":"projects/tcc-safeher/locations/us-central1/functions/api","verb":"update","cancelRequested":false,"apiVersion":"v2","requestResource":{"@type":"type.googleapis.com/google.cloud.functions.v2.Function","name":"projects/tcc-safeher/locations/us-central1/functions/api","buildConfig":{"runtime":"nodejs22","entryPoint":"api","source":{"storageSource":{"bucket":"gcf-v2-sources-1050394973274-us-central1","object":"api/function-source.zip","generation":"1764209761071816"}},"environmentVariables":{"GOOGLE_NODE_RUN_SCRIPTS":""},"dockerRepository":"projects/tcc-safeher/locations/us-central1/repositories/gcf-artifacts","sourceProvenance":{"resolvedStorageSource":{"bucket":"gcf-v2-sources-1050394973274-us-central1","object":"api/function-source.zip","generation":"1760748987290948"}},"dockerRegistry":"ARTIFACT_REGISTRY","serviceAccount":"projects/tcc-safeher/serviceAccounts/1050394973274-compute@developer.gserviceaccount.com","automaticUpdatePolicy":{}},"serviceConfig":{"service":"projects/tcc-safeher/locations/us-central1/services/api","timeoutSeconds":60,"environmentVariables":{"FIREBASE_CONFIG":"{\"projectId\":\"tcc-safeher\",\"storageBucket\":\"tcc-safeher.firebasestorage.app\"}","GCLOUD_PROJECT":"tcc-safeher","EVENTARC_CLOUD_EVENT_SOURCE":"projects/tcc-safeher/locations/us-central1/services/api","FUNCTION_TARGET":"api","LOG_EXECUTION_ID":"true"},"ingressSettings":"ALLOW_ALL","uri":"https://api-kfansz6nxa-uc.a.run.app","serviceAccountEmail":"1050394973274-compute@developer.gserviceaccount.com","availableMemory":"256Mi","allTrafficOnLatestRevision":true,"secretEnvironmentVariables":[{"key":"CUIDAI_API_KEY","projectId":"tcc-safeher","secret":"CUIDAI_API_KEY","version":"2"}],"revision":"api-00008-zaw","maxInstanceRequestConcurrency":80,"availableCpu":"1"},"state":"ACTIVE","labels":{"deployment-tool":"cli-firebase","firebase-functions-hash":"d244d50edca1f29d75014630619b47b1942c2e41"},"environment":"GEN_2","url":"https://us-central1-tcc-safeher.cloudfunctions.net/api","satisfiesPzi":true},"stages":[{"name":"BUILD","message":"Build in progress","state":"IN_PROGRESS","resource":"projects/1050394973274/locations/us-central1/builds/e5c80a71-fe1d-4cb4-8373-a64821a5592a","resourceUri":"https://console.cloud.google.com/cloud-build/builds;region=us-central1/e5c80a71-fe1d-4cb4-8373-a64821a5592a?project=1050394973274"},{"name":"SERVICE","state":"NOT_STARTED"}],"operationType":"UPDATE_FUNCTION","buildName":"projects/1050394973274/locations/us-central1/builds/e5c80a71-fe1d-4cb4-8373-a64821a5592a"},"done":false}
[debug] [2025-11-27T02:16:03.160Z] [update-default-us-central1-api] Retrying task index 0
[debug] [2025-11-27T02:16:03.161Z] Checked if tokens are valid: true, expires at: 1764213087187
[debug] [2025-11-27T02:16:03.161Z] Checked if tokens are valid: true, expires at: 1764213087187
[debug] [2025-11-27T02:16:03.161Z] >>> [apiv2][query] GET https://cloudfunctions.googleapis.com/v2/projects/tcc-safeher/locations/us-central1/operations/operation-1764209760204-6448a1810f80d-3b1f5a17-d952aa03 [none]
[debug] [2025-11-27T02:16:04.108Z] <<< [apiv2][status] GET https://cloudfunctions.googleapis.com/v2/projects/tcc-safeher/locations/us-central1/operations/operation-1764209760204-6448a1810f80d-3b1f5a17-d952aa03 200
[debug] [2025-11-27T02:16:04.108Z] <<< [apiv2][body] GET https://cloudfunctions.googleapis.com/v2/projects/tcc-safeher/locations/us-central1/operations/operation-1764209760204-6448a1810f80d-3b1f5a17-d952aa03 {"name":"projects/tcc-safeher/locations/us-central1/operations/operation-1764209760204-6448a1810f80d-3b1f5a17-d952aa03","metadata":{"@type":"type.googleapis.com/google.cloud.functions.v2.OperationMetadata","createTime":"2025-11-27T02:16:01.127792666Z","target":"projects/tcc-safeher/locations/us-central1/functions/api","verb":"update","cancelRequested":false,"apiVersion":"v2","requestResource":{"@type":"type.googleapis.com/google.cloud.functions.v2.Function","name":"projects/tcc-safeher/locations/us-central1/functions/api","buildConfig":{"runtime":"nodejs22","entryPoint":"api","source":{"storageSource":{"bucket":"gcf-v2-sources-1050394973274-us-central1","object":"api/function-source.zip","generation":"1764209761071816"}},"environmentVariables":{"GOOGLE_NODE_RUN_SCRIPTS":""},"dockerRepository":"projects/tcc-safeher/locations/us-central1/repositories/gcf-artifacts","sourceProvenance":{"resolvedStorageSource":{"bucket":"gcf-v2-sources-1050394973274-us-central1","object":"api/function-source.zip","generation":"1760748987290948"}},"dockerRegistry":"ARTIFACT_REGISTRY","serviceAccount":"projects/tcc-safeher/serviceAccounts/1050394973274-compute@developer.gserviceaccount.com","automaticUpdatePolicy":{}},"serviceConfig":{"service":"projects/tcc-safeher/locations/us-central1/services/api","timeoutSeconds":60,"environmentVariables":{"FIREBASE_CONFIG":"{\"projectId\":\"tcc-safeher\",\"storageBucket\":\"tcc-safeher.firebasestorage.app\"}","GCLOUD_PROJECT":"tcc-safeher","EVENTARC_CLOUD_EVENT_SOURCE":"projects/tcc-safeher/locations/us-central1/services/api","FUNCTION_TARGET":"api","LOG_EXECUTION_ID":"true"},"ingressSettings":"ALLOW_ALL","uri":"https://api-kfansz6nxa-uc.a.run.app","serviceAccountEmail":"1050394973274-compute@developer.gserviceaccount.com","availableMemory":"256Mi","allTrafficOnLatestRevision":true,"secretEnvironmentVariables":[{"key":"CUIDAI_API_KEY","projectId":"tcc-safeher","secret":"CUIDAI_API_KEY","version":"2"}],"revision":"api-00008-zaw","maxInstanceRequestConcurrency":80,"availableCpu":"1"},"state":"ACTIVE","labels":{"deployment-tool":"cli-firebase","firebase-functions-hash":"d244d50edca1f29d75014630619b47b1942c2e41"},"environment":"GEN_2","url":"https://us-central1-tcc-safeher.cloudfunctions.net/api","satisfiesPzi":true},"stages":[{"name":"BUILD","message":"Build in progress","state":"IN_PROGRESS","resource":"projects/1050394973274/locations/us-central1/builds/e5c80a71-fe1d-4cb4-8373-a64821a5592a","resourceUri":"https://console.cloud.google.com/cloud-build/builds;region=us-central1/e5c80a71-fe1d-4cb4-8373-a64821a5592a?project=1050394973274"},{"name":"SERVICE","state":"NOT_STARTED"}],"operationType":"UPDATE_FUNCTION","buildName":"projects/1050394973274/locations/us-central1/builds/e5c80a71-fe1d-4cb4-8373-a64821a5592a"},"done":false}
[debug] [2025-11-27T02:16:05.114Z] [update-default-us-central1-api] Retrying task index 0
[debug] [2025-11-27T02:16:05.114Z] Checked if tokens are valid: true, expires at: 1764213087187
[debug] [2025-11-27T02:16:05.114Z] Checked if tokens are valid: true, expires at: 1764213087187
[debug] [2025-11-27T02:16:05.114Z] >>> [apiv2][query] GET https://cloudfunctions.googleapis.com/v2/projects/tcc-safeher/locations/us-central1/operations/operation-1764209760204-6448a1810f80d-3b1f5a17-d952aa03 [none]
[debug] [2025-11-27T02:16:05.354Z] <<< [apiv2][status] GET https://cloudfunctions.googleapis.com/v2/projects/tcc-safeher/locations/us-central1/operations/operation-1764209760204-6448a1810f80d-3b1f5a17-d952aa03 200
[debug] [2025-11-27T02:16:05.354Z] <<< [apiv2][body] GET https://cloudfunctions.googleapis.com/v2/projects/tcc-safeher/locations/us-central1/operations/operation-1764209760204-6448a1810f80d-3b1f5a17-d952aa03 {"name":"projects/tcc-safeher/locations/us-central1/operations/operation-1764209760204-6448a1810f80d-3b1f5a17-d952aa03","metadata":{"@type":"type.googleapis.com/google.cloud.functions.v2.OperationMetadata","createTime":"2025-11-27T02:16:01.127792666Z","target":"projects/tcc-safeher/locations/us-central1/functions/api","verb":"update","cancelRequested":false,"apiVersion":"v2","requestResource":{"@type":"type.googleapis.com/google.cloud.functions.v2.Function","name":"projects/tcc-safeher/locations/us-central1/functions/api","buildConfig":{"runtime":"nodejs22","entryPoint":"api","source":{"storageSource":{"bucket":"gcf-v2-sources-1050394973274-us-central1","object":"api/function-source.zip","generation":"1764209761071816"}},"environmentVariables":{"GOOGLE_NODE_RUN_SCRIPTS":""},"dockerRepository":"projects/tcc-safeher/locations/us-central1/repositories/gcf-artifacts","sourceProvenance":{"resolvedStorageSource":{"bucket":"gcf-v2-sources-1050394973274-us-central1","object":"api/function-source.zip","generation":"1760748987290948"}},"dockerRegistry":"ARTIFACT_REGISTRY","serviceAccount":"projects/tcc-safeher/serviceAccounts/1050394973274-compute@developer.gserviceaccount.com","automaticUpdatePolicy":{}},"serviceConfig":{"service":"projects/tcc-safeher/locations/us-central1/services/api","timeoutSeconds":60,"environmentVariables":{"FIREBASE_CONFIG":"{\"projectId\":\"tcc-safeher\",\"storageBucket\":\"tcc-safeher.firebasestorage.app\"}","GCLOUD_PROJECT":"tcc-safeher","EVENTARC_CLOUD_EVENT_SOURCE":"projects/tcc-safeher/locations/us-central1/services/api","FUNCTION_TARGET":"api","LOG_EXECUTION_ID":"true"},"ingressSettings":"ALLOW_ALL","uri":"https://api-kfansz6nxa-uc.a.run.app","serviceAccountEmail":"1050394973274-compute@developer.gserviceaccount.com","availableMemory":"256Mi","allTrafficOnLatestRevision":true,"secretEnvironmentVariables":[{"key":"CUIDAI_API_KEY","projectId":"tcc-safeher","secret":"CUIDAI_API_KEY","version":"2"}],"revision":"api-00008-zaw","maxInstanceRequestConcurrency":80,"availableCpu":"1"},"state":"ACTIVE","labels":{"deployment-tool":"cli-firebase","firebase-functions-hash":"d244d50edca1f29d75014630619b47b1942c2e41"},"environment":"GEN_2","url":"https://us-central1-tcc-safeher.cloudfunctions.net/api","satisfiesPzi":true},"stages":[{"name":"BUILD","message":"Build in progress","state":"IN_PROGRESS","resource":"projects/1050394973274/locations/us-central1/builds/e5c80a71-fe1d-4cb4-8373-a64821a5592a","resourceUri":"https://console.cloud.google.com/cloud-build/builds;region=us-central1/e5c80a71-fe1d-4cb4-8373-a64821a5592a?project=1050394973274"},{"name":"SERVICE","state":"NOT_STARTED"}],"operationType":"UPDATE_FUNCTION","buildName":"projects/1050394973274/locations/us-central1/builds/e5c80a71-fe1d-4cb4-8373-a64821a5592a"},"done":false}
[debug] [2025-11-27T02:16:07.361Z] [update-default-us-central1-api] Retrying task index 0
[debug] [2025-11-27T02:16:07.361Z] Checked if tokens are valid: true, expires at: 1764213087187
[debug] [2025-11-27T02:16:07.361Z] Checked if tokens are valid: true, expires at: 1764213087187
[debug] [2025-11-27T02:16:07.361Z] >>> [apiv2][query] GET https://cloudfunctions.googleapis.com/v2/projects/tcc-safeher/locations/us-central1/operations/operation-1764209760204-6448a1810f80d-3b1f5a17-d952aa03 [none]
[debug] [2025-11-27T02:16:08.310Z] <<< [apiv2][status] GET https://cloudfunctions.googleapis.com/v2/projects/tcc-safeher/locations/us-central1/operations/operation-1764209760204-6448a1810f80d-3b1f5a17-d952aa03 200
[debug] [2025-11-27T02:16:08.311Z] <<< [apiv2][body] GET https://cloudfunctions.googleapis.com/v2/projects/tcc-safeher/locations/us-central1/operations/operation-1764209760204-6448a1810f80d-3b1f5a17-d952aa03 {"name":"projects/tcc-safeher/locations/us-central1/operations/operation-1764209760204-6448a1810f80d-3b1f5a17-d952aa03","metadata":{"@type":"type.googleapis.com/google.cloud.functions.v2.OperationMetadata","createTime":"2025-11-27T02:16:01.127792666Z","target":"projects/tcc-safeher/locations/us-central1/functions/api","verb":"update","cancelRequested":false,"apiVersion":"v2","requestResource":{"@type":"type.googleapis.com/google.cloud.functions.v2.Function","name":"projects/tcc-safeher/locations/us-central1/functions/api","buildConfig":{"runtime":"nodejs22","entryPoint":"api","source":{"storageSource":{"bucket":"gcf-v2-sources-1050394973274-us-central1","object":"api/function-source.zip","generation":"1764209761071816"}},"environmentVariables":{"GOOGLE_NODE_RUN_SCRIPTS":""},"dockerRepository":"projects/tcc-safeher/locations/us-central1/repositories/gcf-artifacts","sourceProvenance":{"resolvedStorageSource":{"bucket":"gcf-v2-sources-1050394973274-us-central1","object":"api/function-source.zip","generation":"1760748987290948"}},"dockerRegistry":"ARTIFACT_REGISTRY","serviceAccount":"projects/tcc-safeher/serviceAccounts/1050394973274-compute@developer.gserviceaccount.com","automaticUpdatePolicy":{}},"serviceConfig":{"service":"projects/tcc-safeher/locations/us-central1/services/api","timeoutSeconds":60,"environmentVariables":{"FIREBASE_CONFIG":"{\"projectId\":\"tcc-safeher\",\"storageBucket\":\"tcc-safeher.firebasestorage.app\"}","GCLOUD_PROJECT":"tcc-safeher","EVENTARC_CLOUD_EVENT_SOURCE":"projects/tcc-safeher/locations/us-central1/services/api","FUNCTION_TARGET":"api","LOG_EXECUTION_ID":"true"},"ingressSettings":"ALLOW_ALL","uri":"https://api-kfansz6nxa-uc.a.run.app","serviceAccountEmail":"1050394973274-compute@developer.gserviceaccount.com","availableMemory":"256Mi","allTrafficOnLatestRevision":true,"secretEnvironmentVariables":[{"key":"CUIDAI_API_KEY","projectId":"tcc-safeher","secret":"CUIDAI_API_KEY","version":"2"}],"revision":"api-00008-zaw","maxInstanceRequestConcurrency":80,"availableCpu":"1"},"state":"ACTIVE","labels":{"deployment-tool":"cli-firebase","firebase-functions-hash":"d244d50edca1f29d75014630619b47b1942c2e41"},"environment":"GEN_2","url":"https://us-central1-tcc-safeher.cloudfunctions.net/api","satisfiesPzi":true},"stages":[{"name":"BUILD","message":"Build in progress","state":"IN_PROGRESS","resource":"projects/1050394973274/locations/us-central1/builds/e5c80a71-fe1d-4cb4-8373-a64821a5592a","resourceUri":"https://console.cloud.google.com/cloud-build/builds;region=us-central1/e5c80a71-fe1d-4cb4-8373-a64821a5592a?project=1050394973274"},{"name":"SERVICE","state":"NOT_STARTED"}],"operationType":"UPDATE_FUNCTION","buildName":"projects/1050394973274/locations/us-central1/builds/e5c80a71-fe1d-4cb4-8373-a64821a5592a"},"done":false}
[debug] [2025-11-27T02:16:12.322Z] [update-default-us-central1-api] Retrying task index 0
[debug] [2025-11-27T02:16:12.322Z] Checked if tokens are valid: true, expires at: 1764213087187
[debug] [2025-11-27T02:16:12.322Z] Checked if tokens are valid: true, expires at: 1764213087187
[debug] [2025-11-27T02:16:12.322Z] >>> [apiv2][query] GET https://cloudfunctions.googleapis.com/v2/projects/tcc-safeher/locations/us-central1/operations/operation-1764209760204-6448a1810f80d-3b1f5a17-d952aa03 [none]
[debug] [2025-11-27T02:16:13.242Z] <<< [apiv2][status] GET https://cloudfunctions.googleapis.com/v2/projects/tcc-safeher/locations/us-central1/operations/operation-1764209760204-6448a1810f80d-3b1f5a17-d952aa03 200
[debug] [2025-11-27T02:16:13.242Z] <<< [apiv2][body] GET https://cloudfunctions.googleapis.com/v2/projects/tcc-safeher/locations/us-central1/operations/operation-1764209760204-6448a1810f80d-3b1f5a17-d952aa03 {"name":"projects/tcc-safeher/locations/us-central1/operations/operation-1764209760204-6448a1810f80d-3b1f5a17-d952aa03","metadata":{"@type":"type.googleapis.com/google.cloud.functions.v2.OperationMetadata","createTime":"2025-11-27T02:16:01.127792666Z","target":"projects/tcc-safeher/locations/us-central1/functions/api","verb":"update","cancelRequested":false,"apiVersion":"v2","requestResource":{"@type":"type.googleapis.com/google.cloud.functions.v2.Function","name":"projects/tcc-safeher/locations/us-central1/functions/api","buildConfig":{"runtime":"nodejs22","entryPoint":"api","source":{"storageSource":{"bucket":"gcf-v2-sources-1050394973274-us-central1","object":"api/function-source.zip","generation":"1764209761071816"}},"environmentVariables":{"GOOGLE_NODE_RUN_SCRIPTS":""},"dockerRepository":"projects/tcc-safeher/locations/us-central1/repositories/gcf-artifacts","sourceProvenance":{"resolvedStorageSource":{"bucket":"gcf-v2-sources-1050394973274-us-central1","object":"api/function-source.zip","generation":"1760748987290948"}},"dockerRegistry":"ARTIFACT_REGISTRY","serviceAccount":"projects/tcc-safeher/serviceAccounts/1050394973274-compute@developer.gserviceaccount.com","automaticUpdatePolicy":{}},"serviceConfig":{"service":"projects/tcc-safeher/locations/us-central1/services/api","timeoutSeconds":60,"environmentVariables":{"FIREBASE_CONFIG":"{\"projectId\":\"tcc-safeher\",\"storageBucket\":\"tcc-safeher.firebasestorage.app\"}","GCLOUD_PROJECT":"tcc-safeher","EVENTARC_CLOUD_EVENT_SOURCE":"projects/tcc-safeher/locations/us-central1/services/api","FUNCTION_TARGET":"api","LOG_EXECUTION_ID":"true"},"ingressSettings":"ALLOW_ALL","uri":"https://api-kfansz6nxa-uc.a.run.app","serviceAccountEmail":"1050394973274-compute@developer.gserviceaccount.com","availableMemory":"256Mi","allTrafficOnLatestRevision":true,"secretEnvironmentVariables":[{"key":"CUIDAI_API_KEY","projectId":"tcc-safeher","secret":"CUIDAI_API_KEY","version":"2"}],"revision":"api-00008-zaw","maxInstanceRequestConcurrency":80,"availableCpu":"1"},"state":"ACTIVE","labels":{"deployment-tool":"cli-firebase","firebase-functions-hash":"d244d50edca1f29d75014630619b47b1942c2e41"},"environment":"GEN_2","url":"https://us-central1-tcc-safeher.cloudfunctions.net/api","satisfiesPzi":true},"stages":[{"name":"BUILD","message":"Build in progress","state":"IN_PROGRESS","resource":"projects/1050394973274/locations/us-central1/builds/e5c80a71-fe1d-4cb4-8373-a64821a5592a","resourceUri":"https://console.cloud.google.com/cloud-build/builds;region=us-central1/e5c80a71-fe1d-4cb4-8373-a64821a5592a?project=1050394973274"},{"name":"SERVICE","state":"NOT_STARTED"}],"operationType":"UPDATE_FUNCTION","buildName":"projects/1050394973274/locations/us-central1/builds/e5c80a71-fe1d-4cb4-8373-a64821a5592a"},"done":false}
[debug] [2025-11-27T02:16:21.247Z] [update-default-us-central1-api] Retrying task index 0
[debug] [2025-11-27T02:16:21.247Z] Checked if tokens are valid: true, expires at: 1764213087187
[debug] [2025-11-27T02:16:21.247Z] Checked if tokens are valid: true, expires at: 1764213087187
[debug] [2025-11-27T02:16:21.247Z] >>> [apiv2][query] GET https://cloudfunctions.googleapis.com/v2/projects/tcc-safeher/locations/us-central1/operations/operation-1764209760204-6448a1810f80d-3b1f5a17-d952aa03 [none]
[debug] [2025-11-27T02:16:22.265Z] <<< [apiv2][status] GET https://cloudfunctions.googleapis.com/v2/projects/tcc-safeher/locations/us-central1/operations/operation-1764209760204-6448a1810f80d-3b1f5a17-d952aa03 200
[debug] [2025-11-27T02:16:22.265Z] <<< [apiv2][body] GET https://cloudfunctions.googleapis.com/v2/projects/tcc-safeher/locations/us-central1/operations/operation-1764209760204-6448a1810f80d-3b1f5a17-d952aa03 {"name":"projects/tcc-safeher/locations/us-central1/operations/operation-1764209760204-6448a1810f80d-3b1f5a17-d952aa03","metadata":{"@type":"type.googleapis.com/google.cloud.functions.v2.OperationMetadata","createTime":"2025-11-27T02:16:01.127792666Z","target":"projects/tcc-safeher/locations/us-central1/functions/api","verb":"update","cancelRequested":false,"apiVersion":"v2","requestResource":{"@type":"type.googleapis.com/google.cloud.functions.v2.Function","name":"projects/tcc-safeher/locations/us-central1/functions/api","buildConfig":{"runtime":"nodejs22","entryPoint":"api","source":{"storageSource":{"bucket":"gcf-v2-sources-1050394973274-us-central1","object":"api/function-source.zip","generation":"1764209761071816"}},"environmentVariables":{"GOOGLE_NODE_RUN_SCRIPTS":""},"dockerRepository":"projects/tcc-safeher/locations/us-central1/repositories/gcf-artifacts","sourceProvenance":{"resolvedStorageSource":{"bucket":"gcf-v2-sources-1050394973274-us-central1","object":"api/function-source.zip","generation":"1760748987290948"}},"dockerRegistry":"ARTIFACT_REGISTRY","serviceAccount":"projects/tcc-safeher/serviceAccounts/1050394973274-compute@developer.gserviceaccount.com","automaticUpdatePolicy":{}},"serviceConfig":{"service":"projects/tcc-safeher/locations/us-central1/services/api","timeoutSeconds":60,"environmentVariables":{"FIREBASE_CONFIG":"{\"projectId\":\"tcc-safeher\",\"storageBucket\":\"tcc-safeher.firebasestorage.app\"}","GCLOUD_PROJECT":"tcc-safeher","EVENTARC_CLOUD_EVENT_SOURCE":"projects/tcc-safeher/locations/us-central1/services/api","FUNCTION_TARGET":"api","LOG_EXECUTION_ID":"true"},"ingressSettings":"ALLOW_ALL","uri":"https://api-kfansz6nxa-uc.a.run.app","serviceAccountEmail":"1050394973274-compute@developer.gserviceaccount.com","availableMemory":"256Mi","allTrafficOnLatestRevision":true,"secretEnvironmentVariables":[{"key":"CUIDAI_API_KEY","projectId":"tcc-safeher","secret":"CUIDAI_API_KEY","version":"2"}],"revision":"api-00008-zaw","maxInstanceRequestConcurrency":80,"availableCpu":"1"},"state":"ACTIVE","labels":{"deployment-tool":"cli-firebase","firebase-functions-hash":"d244d50edca1f29d75014630619b47b1942c2e41"},"environment":"GEN_2","url":"https://us-central1-tcc-safeher.cloudfunctions.net/api","satisfiesPzi":true},"stages":[{"name":"BUILD","message":"Build in progress","state":"IN_PROGRESS","resource":"projects/1050394973274/locations/us-central1/builds/e5c80a71-fe1d-4cb4-8373-a64821a5592a","resourceUri":"https://console.cloud.google.com/cloud-build/builds;region=us-central1/e5c80a71-fe1d-4cb4-8373-a64821a5592a?project=1050394973274"},{"name":"SERVICE","state":"NOT_STARTED"}],"operationType":"UPDATE_FUNCTION","buildName":"projects/1050394973274/locations/us-central1/builds/e5c80a71-fe1d-4cb4-8373-a64821a5592a"},"done":false}
[debug] [2025-11-27T02:16:32.276Z] [update-default-us-central1-api] Retrying task index 0
[debug] [2025-11-27T02:16:32.277Z] Checked if tokens are valid: true, expires at: 1764213087187
[debug] [2025-11-27T02:16:32.277Z] Checked if tokens are valid: true, expires at: 1764213087187
[debug] [2025-11-27T02:16:32.277Z] >>> [apiv2][query] GET https://cloudfunctions.googleapis.com/v2/projects/tcc-safeher/locations/us-central1/operations/operation-1764209760204-6448a1810f80d-3b1f5a17-d952aa03 [none]
[debug] [2025-11-27T02:16:33.332Z] <<< [apiv2][status] GET https://cloudfunctions.googleapis.com/v2/projects/tcc-safeher/locations/us-central1/operations/operation-1764209760204-6448a1810f80d-3b1f5a17-d952aa03 200
[debug] [2025-11-27T02:16:33.332Z] <<< [apiv2][body] GET https://cloudfunctions.googleapis.com/v2/projects/tcc-safeher/locations/us-central1/operations/operation-1764209760204-6448a1810f80d-3b1f5a17-d952aa03 {"name":"projects/tcc-safeher/locations/us-central1/operations/operation-1764209760204-6448a1810f80d-3b1f5a17-d952aa03","metadata":{"@type":"type.googleapis.com/google.cloud.functions.v2.OperationMetadata","createTime":"2025-11-27T02:16:01.127792666Z","target":"projects/tcc-safeher/locations/us-central1/functions/api","verb":"update","cancelRequested":false,"apiVersion":"v2","requestResource":{"@type":"type.googleapis.com/google.cloud.functions.v2.Function","name":"projects/tcc-safeher/locations/us-central1/functions/api","buildConfig":{"runtime":"nodejs22","entryPoint":"api","source":{"storageSource":{"bucket":"gcf-v2-sources-1050394973274-us-central1","object":"api/function-source.zip","generation":"1764209761071816"}},"environmentVariables":{"GOOGLE_NODE_RUN_SCRIPTS":""},"dockerRepository":"projects/tcc-safeher/locations/us-central1/repositories/gcf-artifacts","sourceProvenance":{"resolvedStorageSource":{"bucket":"gcf-v2-sources-1050394973274-us-central1","object":"api/function-source.zip","generation":"1760748987290948"}},"dockerRegistry":"ARTIFACT_REGISTRY","serviceAccount":"projects/tcc-safeher/serviceAccounts/1050394973274-compute@developer.gserviceaccount.com","automaticUpdatePolicy":{}},"serviceConfig":{"service":"projects/tcc-safeher/locations/us-central1/services/api","timeoutSeconds":60,"environmentVariables":{"FIREBASE_CONFIG":"{\"projectId\":\"tcc-safeher\",\"storageBucket\":\"tcc-safeher.firebasestorage.app\"}","GCLOUD_PROJECT":"tcc-safeher","EVENTARC_CLOUD_EVENT_SOURCE":"projects/tcc-safeher/locations/us-central1/services/api","FUNCTION_TARGET":"api","LOG_EXECUTION_ID":"true"},"ingressSettings":"ALLOW_ALL","uri":"https://api-kfansz6nxa-uc.a.run.app","serviceAccountEmail":"1050394973274-compute@developer.gserviceaccount.com","availableMemory":"256Mi","allTrafficOnLatestRevision":true,"secretEnvironmentVariables":[{"key":"CUIDAI_API_KEY","projectId":"tcc-safeher","secret":"CUIDAI_API_KEY","version":"2"}],"revision":"api-00008-zaw","maxInstanceRequestConcurrency":80,"availableCpu":"1"},"state":"ACTIVE","labels":{"deployment-tool":"cli-firebase","firebase-functions-hash":"d244d50edca1f29d75014630619b47b1942c2e41"},"environment":"GEN_2","url":"https://us-central1-tcc-safeher.cloudfunctions.net/api","satisfiesPzi":true},"stages":[{"name":"BUILD","message":"Build in progress","state":"IN_PROGRESS","resource":"projects/1050394973274/locations/us-central1/builds/e5c80a71-fe1d-4cb4-8373-a64821a5592a","resourceUri":"https://console.cloud.google.com/cloud-build/builds;region=us-central1/e5c80a71-fe1d-4cb4-8373-a64821a5592a?project=1050394973274"},{"name":"SERVICE","state":"NOT_STARTED"}],"operationType":"UPDATE_FUNCTION","buildName":"projects/1050394973274/locations/us-central1/builds/e5c80a71-fe1d-4cb4-8373-a64821a5592a"},"done":false}
